(---------------------------------------------------------------------)
(                                                                     )
(    ARTWORK LOG                                                      )
(                                                                     )
(    Drawing          : PAI-POPA.brd                                  )
(    Software Version : 16.6-2015S059                                 )
(    Date/Time        : Thu Dec 15 12:04:21 2022                      )
(                                                                     )
(---------------------------------------------------------------------)



 ******************************************
 WARNING: DRC OUT OF DATE on this layout.
 ******************************************

 ---- Photoplot outline rectangle not found; using drawing extents.



Results from parameter file ...
    DEVICE-TYPE           GERBER_RS274X
    OUTPUT-UNITS          INCHES
    FILM-SIZE             2400000 1600000
    FORMAT                2.5
    ABORT-ON-ERROR        NO
    SCALE                 1
    SUPPRESS-LEAD-ZEROES  YES
    SUPPRESS-TRAIL-ZEROES NO
    SUPPRESS-EQUAL        YES
    UNDEF-APT-CONT        NO



================================================================
     PROCESSING FILM < FAB >
     TO FILE < C:/Users/popai/Desktop/P1_2022_432A_POPA_IONUT_MANUEL_PAI_N2_OrCAD/Schematics/FAB.art > ...
================================================================

  FILM PARAMETERS :
  ---------------------------------------------------------
  Undefined line width                10.00
  Mirror code                         NONE
  Rotate angle                        NONE
  Offset x:                           0.00
  Offset y:                           0.00
  Plot negative                       NO
  Suppress unconnected internal pads  NO
  Draw holes only                     NO

    WARNING: 0 width line found at (1830.00 590.00)
           ... using undefined line width of 10.00

    WARNING: Multiple 0 width lines; all will be treated the same as the first.
           ... using undefined line width of 10.00

    WARNING: text composed 0 width line found at (2279.50 652.50)
           ... using undefined line width of 10.00

    WARNING: text having Multiple 0 width lines; all will be treated the same as the first.
           ... using undefined line width of 10.00



  APERTURES USED:
  ---------------------------------------------------------
  TYPE       SIZE/NAME                   ROT   MIRROR MODE 
  ---------------------------------------------------------
  CIRCLE     0.00500                                  DARK 
  CIRCLE     0.01000                                  DARK 

     FAB created with warnings


------------------------------------------------------
 SUMMARY:
        FAB created with warnings

 ARTWORK had warnings
